Traceback (most recent call last):
  File "/Library/Frameworks/Python.framework/Versions/3.12/lib/python3.12/site-packages/jupyter_cache/executors/utils.py", line 58, in single_nb_execution
    executenb(
  File "/Library/Frameworks/Python.framework/Versions/3.12/lib/python3.12/site-packages/nbclient/client.py", line 1319, in execute
    return NotebookClient(nb=nb, resources=resources, km=km, **kwargs).execute()
           ^^^^^^^^^^^^^^^^^^^^^^^^^^^^^^^^^^^^^^^^^^^^^^^^^^^^^^^^^^^^^^^^^^^^^
  File "/Library/Frameworks/Python.framework/Versions/3.12/lib/python3.12/site-packages/jupyter_core/utils/__init__.py", line 165, in wrapped
    return loop.run_until_complete(inner)
           ^^^^^^^^^^^^^^^^^^^^^^^^^^^^^^
  File "/Library/Frameworks/Python.framework/Versions/3.12/lib/python3.12/asyncio/base_events.py", line 686, in run_until_complete
    return future.result()
           ^^^^^^^^^^^^^^^
  File "/Library/Frameworks/Python.framework/Versions/3.12/lib/python3.12/site-packages/nbclient/client.py", line 709, in async_execute
    await self.async_execute_cell(
  File "/Library/Frameworks/Python.framework/Versions/3.12/lib/python3.12/site-packages/nbclient/client.py", line 1062, in async_execute_cell
    await self._check_raise_for_error(cell, cell_index, exec_reply)
  File "/Library/Frameworks/Python.framework/Versions/3.12/lib/python3.12/site-packages/nbclient/client.py", line 918, in _check_raise_for_error
    raise CellExecutionError.from_cell_and_msg(cell, exec_reply_content)
nbclient.exceptions.CellExecutionError: An error occurred while executing the following cell:
------------------
# Vectors and distances

x = np.array([-1,5,2])
y = np.array([3,1,1])

# Compute x + y
# YOUR CODE HERE
raise NotImplementedError()

# Compute x - y
# YOUR CODE HERE
raise NotImplementedError()

# Compute x / ||x||
# YOUR CODE HERE
raise NotImplementedError()

# Compute || 0.5(x-y)||
# YOUR CODE HERE
raise NotImplementedError()

# Compute || 0.5(x+y)||
# YOUR CODE HERE
raise NotImplementedError()

# Compute x - 2y
# YOUR CODE HERE
raise NotImplementedError()

# Does || x-y || = ||x|| - ||y|| ?
# YOUR CODE HERE
raise NotImplementedError()


# Does || x+y || = ||x|| + ||y|| ?
# YOUR CODE HERE
raise NotImplementedError()

------------------


[0;31m---------------------------------------------------------------------------[0m
[0;31mNotImplementedError[0m                       Traceback (most recent call last)
Cell [0;32mIn[3], line 8[0m
[1;32m      4[0m y [38;5;241m=[39m np[38;5;241m.[39marray([[38;5;241m3[39m,[38;5;241m1[39m,[38;5;241m1[39m])
[1;32m      6[0m [38;5;66;03m# Compute x + y[39;00m
[1;32m      7[0m [38;5;66;03m# YOUR CODE HERE[39;00m
[0;32m----> 8[0m [38;5;28;01mraise[39;00m [38;5;167;01mNotImplementedError[39;00m()
[1;32m     10[0m [38;5;66;03m# Compute x - y[39;00m
[1;32m     11[0m [38;5;66;03m# YOUR CODE HERE[39;00m
[1;32m     12[0m [38;5;28;01mraise[39;00m [38;5;167;01mNotImplementedError[39;00m()

[0;31mNotImplementedError[0m: 

